#
# There is insufficient memory for the Java Runtime Environment to continue.
# Native memory allocation (mmap) failed to map 266338304 bytes. Error detail: G1 virtual space
# Possible reasons:
#   The system is out of physical RAM or swap space
#   This process is running with CompressedOops enabled, and the Java Heap may be blocking the growth of the native heap
# Possible solutions:
#   Reduce memory load on the system
#   Increase physical memory or swap space
#   Check if swap backing store is full
#   Decrease Java heap size (-Xmx/-Xms)
#   Decrease number of Java threads
#   Decrease Java thread stack sizes (-Xss)
#   Set larger code cache with -XX:ReservedCodeCacheSize=
#   JVM is running with Zero Based Compressed Oops mode in which the Java heap is
#     placed in the first 32GB address space. The Java Heap base address is the
#     maximum limit for the native heap growth. Please use -XX:HeapBaseMinAddress
#     to set the Java Heap base and to place the Java Heap above 32GB virtual address.
# This output file may be truncated or incomplete.
#
#  Out of Memory Error (os_windows.cpp:3618), pid=3392, tid=5032
#
# JRE version:  (17.0.17+10) (build )
# Java VM: OpenJDK 64-Bit Server VM (17.0.17+10, mixed mode, sharing, tiered, compressed oops, compressed class ptrs, g1 gc, windows-amd64)
# No core dump will be written. Minidumps are not enabled by default on client versions of Windows
#

---------------  S U M M A R Y ------------

Command Line: com.google.prefab.cli.AppKt --build-system cmake --platform android --abi arm64-v8a --os-version 24 --stl c++_shared --ndk-version 27 --output C:\\Users\\pacif\\AppData\\Local\\Temp\\agp-prefab-staging3146084179709027767\\staged-cli-output C:\\Users\\pacif\\.gradle\\caches\\9.0.0\\transforms\\21dceede30ac61ef8cf07f7ba7192f37\\transformed\\react-android-0.83.1-debug\\prefab C:\\Users\\pacif\\.gradle\\caches\\9.0.0\\transforms\\179c6753bb67e8f4b01f1252a8aa7247\\transformed\\hermes-android-0.14.0-debug\\prefab C:\\Users\\pacif\\.gradle\\caches\\9.0.0\\transforms\\53bc929cdc9dd1116c97589cccc1a2a2\\transformed\\fbjni-0.7.0\\prefab

Host: Intel(R) Core(TM) i7-7700HQ CPU @ 2.80GHz, 8 cores, 15G,  Windows 10 , 64 bit Build 19041 (10.0.19041.5915)
Time: Tue Apr 21 13:39:57 2026 Malay Peninsula Standard Time elapsed time: 0.032856 seconds (0d 0h 0m 0s)

---------------  T H R E A D  ---------------

Current thread (0x000001e29a5a34e0):  JavaThread "Unknown thread" [_thread_in_vm, id=5032, stack(0x0000002489900000,0x0000002489a00000)]

Stack: [0x0000002489900000,0x0000002489a00000]
Native frames: (J=compiled Java code, j=interpreted, Vv=VM code, C=native code)
V  [jvm.dll+0x683fb9]
V  [jvm.dll+0x83a1b5]
V  [jvm.dll+0x83bc2e]
V  [jvm.dll+0x83c2b3]
V  [jvm.dll+0x248eff]
V  [jvm.dll+0x680d79]
V  [jvm.dll+0x675b7a]
V  [jvm.dll+0x3091a7]
V  [jvm.dll+0x310776]
V  [jvm.dll+0x360bbe]
V  [jvm.dll+0x360dfd]
V  [jvm.dll+0x2e022c]
V  [jvm.dll+0x2e1138]
V  [jvm.dll+0x80c6cb]
V  [jvm.dll+0x36e841]
V  [jvm.dll+0x7eb2a5]
V  [jvm.dll+0x3f444b]
V  [jvm.dll+0x3f5f31]
C  [jli.dll+0x52d0]
C  [ucrtbase.dll+0x21bb2]
C  [KERNEL32.DLL+0x17374]
C  [ntdll.dll+0x4cc91]


---------------  P R O C E S S  ---------------

Threads class SMR info:
_java_thread_list=0x00007ffa12527f58, length=0, elements={
}

Java Threads: ( => current thread )

Other Threads:
  0x000001e29a611ab0 GCTaskThread "GC Thread#0" [stack: 0x0000002489a00000,0x0000002489b00000] [id=2836]
  0x000001e29a6226d0 ConcurrentGCThread "G1 Main Marker" [stack: 0x0000002489b00000,0x0000002489c00000] [id=6532]
  0x000001e29a623000 ConcurrentGCThread "G1 Conc#0" [stack: 0x0000002489c00000,0x0000002489d00000] [id=15096]

[error occurred during error reporting (printing all threads), id 0xc0000005, EXCEPTION_ACCESS_VIOLATION (0xc0000005) at pc=0x00007ffa11ce0d57]

VM state: not at safepoint (not fully initialized)

VM Mutex/Monitor currently owned by a thread:  ([mutex/lock_event])
[0x000001e29a59fbe0] Heap_lock - owner thread: 0x000001e29a5a34e0

Heap address: 0x0000000702400000, size: 4060 MB, Compressed Oops mode: Zero based, Oop shift amount: 3

CDS archive(s) mapped at: [0x0000000000000000-0x0000000000000000-0x0000000000000000), size 0, SharedBaseAddress: 0x0000000800000000, ArchiveRelocationMode: 1.
Narrow klass base: 0x0000000000000000, Narrow klass shift: 0, Narrow klass range: 0x0

GC Precious Log:
<Empty>

Heap:
 garbage-first heap   total 0K, used 0K [0x0000000702400000, 0x0000000800000000)
  region size 2048K, 0 young (0K), 0 survivors (0K)

[error occurred during error reporting (printing heap information), id 0xc0000005, EXCEPTION_ACCESS_VIOLATION (0xc0000005) at pc=0x00007ffa120cd5c9]

GC Heap History (0 events):
No events

Dll operation events (1 events):
Event: 0.020 Loaded shared library C:\Program Files\Eclipse Adoptium\jdk-17.0.17.10-hotspot\bin\java.dll

Deoptimization events (0 events):
No events

Classes loaded (0 events):
No events

Classes unloaded (0 events):
No events

Classes redefined (0 events):
No events

Internal exceptions (0 events):
No events

VM Operations (0 events):
No events

Memory protections (0 events):
No events

Nmethod flushes (0 events):
No events

Events (0 events):
No events


Dynamic libraries:
0x00007ff694df0000 - 0x00007ff694dfe000 	C:\Program Files\Eclipse Adoptium\jdk-17.0.17.10-hotspot\bin\java.exe
0x00007ffa92ff0000 - 0x00007ffa931e8000 	C:\WINDOWS\SYSTEM32\ntdll.dll
0x00007ffa91c30000 - 0x00007ffa91cf2000 	C:\WINDOWS\System32\KERNEL32.DLL
0x00007ffa90b10000 - 0x00007ffa90e06000 	C:\WINDOWS\System32\KERNELBASE.dll
0x00007ffa90790000 - 0x00007ffa90890000 	C:\WINDOWS\System32\ucrtbase.dll
0x00007ffa88520000 - 0x00007ffa88538000 	C:\Program Files\Eclipse Adoptium\jdk-17.0.17.10-hotspot\bin\jli.dll
0x00007ffa92bb0000 - 0x00007ffa92d51000 	C:\WINDOWS\System32\USER32.dll
0x00007ffa90760000 - 0x00007ffa90782000 	C:\WINDOWS\System32\win32u.dll
0x00007ffa926f0000 - 0x00007ffa9271b000 	C:\WINDOWS\System32\GDI32.dll
0x00007ffa88480000 - 0x00007ffa8849e000 	C:\Program Files\Eclipse Adoptium\jdk-17.0.17.10-hotspot\bin\VCRUNTIME140.dll
0x00007ffa90890000 - 0x00007ffa909a9000 	C:\WINDOWS\System32\gdi32full.dll
0x00007ffa90ec0000 - 0x00007ffa90f5d000 	C:\WINDOWS\System32\msvcp_win.dll
0x00007ffa784a0000 - 0x00007ffa7873b000 	C:\WINDOWS\WinSxS\amd64_microsoft.windows.common-controls_6595b64144ccf1df_6.0.19041.6456_none_60b8a6cb71f64256\COMCTL32.dll
0x00007ffa92a80000 - 0x00007ffa92b1e000 	C:\WINDOWS\System32\msvcrt.dll
0x00007ffa92ea0000 - 0x00007ffa92ecf000 	C:\WINDOWS\System32\IMM32.DLL
0x00007ffa88010000 - 0x00007ffa8801c000 	C:\Program Files\Eclipse Adoptium\jdk-17.0.17.10-hotspot\bin\vcruntime140_1.dll
0x00007ffa37c20000 - 0x00007ffa37cad000 	C:\Program Files\Eclipse Adoptium\jdk-17.0.17.10-hotspot\bin\msvcp140.dll
0x00007ffa119f0000 - 0x00007ffa1265b000 	C:\Program Files\Eclipse Adoptium\jdk-17.0.17.10-hotspot\bin\server\jvm.dll
0x00007ffa91e30000 - 0x00007ffa91ee1000 	C:\WINDOWS\System32\ADVAPI32.dll
0x00007ffa91150000 - 0x00007ffa911ef000 	C:\WINDOWS\System32\sechost.dll
0x00007ffa91320000 - 0x00007ffa91440000 	C:\WINDOWS\System32\RPCRT4.dll
0x00007ffa90f60000 - 0x00007ffa90f87000 	C:\WINDOWS\System32\bcrypt.dll
0x00007ffa91450000 - 0x00007ffa914bb000 	C:\WINDOWS\System32\WS2_32.dll
0x00007ffa90000000 - 0x00007ffa9004b000 	C:\WINDOWS\SYSTEM32\POWRPROF.dll
0x00007ffa7c820000 - 0x00007ffa7c847000 	C:\WINDOWS\SYSTEM32\WINMM.dll
0x00007ffa83640000 - 0x00007ffa8364a000 	C:\WINDOWS\SYSTEM32\VERSION.dll
0x00007ffa8ffe0000 - 0x00007ffa8fff2000 	C:\WINDOWS\SYSTEM32\UMPDC.dll
0x00007ffa8ee50000 - 0x00007ffa8ee62000 	C:\WINDOWS\SYSTEM32\kernel.appcore.dll
0x00007ffa868e0000 - 0x00007ffa868ea000 	C:\Program Files\Eclipse Adoptium\jdk-17.0.17.10-hotspot\bin\jimage.dll
0x00007ffa8eb40000 - 0x00007ffa8ed41000 	C:\WINDOWS\SYSTEM32\DBGHELP.DLL
0x00007ffa761a0000 - 0x00007ffa761d4000 	C:\WINDOWS\SYSTEM32\dbgcore.DLL
0x00007ffa906d0000 - 0x00007ffa90752000 	C:\WINDOWS\System32\bcryptPrimitives.dll
0x00007ffa58400000 - 0x00007ffa58425000 	C:\Program Files\Eclipse Adoptium\jdk-17.0.17.10-hotspot\bin\java.dll

dbghelp: loaded successfully - version: 4.0.5 - missing functions: none
symbol engine: initialized successfully - sym options: 0x614 - pdb path: .;C:\Program Files\Eclipse Adoptium\jdk-17.0.17.10-hotspot\bin;C:\WINDOWS\SYSTEM32;C:\WINDOWS\WinSxS\amd64_microsoft.windows.common-controls_6595b64144ccf1df_6.0.19041.6456_none_60b8a6cb71f64256;C:\Program Files\Eclipse Adoptium\jdk-17.0.17.10-hotspot\bin\server

VM Arguments:
java_command: com.google.prefab.cli.AppKt --build-system cmake --platform android --abi arm64-v8a --os-version 24 --stl c++_shared --ndk-version 27 --output C:\\Users\\pacif\\AppData\\Local\\Temp\\agp-prefab-staging3146084179709027767\\staged-cli-output C:\\Users\\pacif\\.gradle\\caches\\9.0.0\\transforms\\21dceede30ac61ef8cf07f7ba7192f37\\transformed\\react-android-0.83.1-debug\\prefab C:\\Users\\pacif\\.gradle\\caches\\9.0.0\\transforms\\179c6753bb67e8f4b01f1252a8aa7247\\transformed\\hermes-android-0.14.0-debug\\prefab C:\\Users\\pacif\\.gradle\\caches\\9.0.0\\transforms\\53bc929cdc9dd1116c97589cccc1a2a2\\transformed\\fbjni-0.7.0\\prefab
java_class_path (initial): C:\\Users\\pacif\\.gradle\\caches\\modules-2\\files-2.1\\com.google.prefab\\cli\\2.1.0\\aa32fec809c44fa531f01dcfb739b5b3304d3050\\cli-2.1.0-all.jar
Launcher Type: SUN_STANDARD

[Global flags]
     intx CICompilerCount                          = 4                                         {product} {ergonomic}
     uint ConcGCThreads                            = 2                                         {product} {ergonomic}
     uint G1ConcRefinementThreads                  = 8                                         {product} {ergonomic}
   size_t G1HeapRegionSize                         = 2097152                                   {product} {ergonomic}
    uintx GCDrainStackTargetSize                   = 64                                        {product} {ergonomic}
   size_t InitialHeapSize                          = 266338304                                 {product} {ergonomic}
   size_t MarkStackSize                            = 4194304                                   {product} {ergonomic}
   size_t MaxHeapSize                              = 4257218560                                {product} {ergonomic}
   size_t MinHeapDeltaBytes                        = 2097152                                   {product} {ergonomic}
   size_t MinHeapSize                              = 8388608                                   {product} {ergonomic}
    uintx NonNMethodCodeHeapSize                   = 5839372                                {pd product} {ergonomic}
    uintx NonProfiledCodeHeapSize                  = 122909434                              {pd product} {ergonomic}
    uintx ProfiledCodeHeapSize                     = 122909434                              {pd product} {ergonomic}
    uintx ReservedCodeCacheSize                    = 251658240                              {pd product} {ergonomic}
     bool SegmentedCodeCache                       = true                                      {product} {ergonomic}
   size_t SoftMaxHeapSize                          = 4257218560                             {manageable} {ergonomic}
     bool UseCompressedClassPointers               = true                           {product lp64_product} {ergonomic}
     bool UseCompressedOops                        = true                           {product lp64_product} {ergonomic}
     bool UseG1GC                                  = true                                      {product} {ergonomic}
     bool UseLargePagesIndividualAllocation        = false                                  {pd product} {ergonomic}

Logging:
Log output configuration:
 #0: stdout all=warning uptime,level,tags
 #1: stderr all=off uptime,level,tags

Environment Variables:
PATH=C:\Users\pacif\Desktop\seecond-sem\APPDEV_B_SY25226\node_modules\.bin;C:\Users\pacif\Desktop\seecond-sem\APPDEV_B_SY25226\node_modules\.bin;C:\Users\pacif\Desktop\seecond-sem\node_modules\.bin;C:\Users\pacif\Desktop\node_modules\.bin;C:\Users\pacif\node_modules\.bin;C:\Users\node_modules\.bin;C:\node_modules\.bin;C:\Program Files\nodejs\node_modules\npm\node_modules\@npmcli\run-script\lib\node-gyp-bin;C:\Program Files\Eclipse Adoptium\jdk-17.0.17.10-hotspot\bin;C:\Program Files (x86)\Common Files\Intel\Shared Libraries\redist\intel64\compiler;C:\Program Files (x86)\Intel\iCLS Client\;C:\Program Files\Intel\iCLS Client\;C:\Windows\system32;C:\Windows;C:\Windows\System32\Wbem;C:\Windows\System32\WindowsPowerShell\v1.0\;C:\Program Files (x86)\Intel\Intel(R) Management Engine Components\DAL;C:\Program Files\Intel\Intel(R) Management Engine Components\DAL;C:\Program Files (x86)\Intel\Intel(R) Management Engine Components\IPT;C:\Program Files\Intel\Intel(R) Management Engine Components\IPT;C:\WINDOWS\system32;C:\WINDOWS;C:\WINDOWS\System32\Wbem;C:\WINDOWS\System32\WindowsPowerShell\v1.0\;C:\WINDOWS\System32\OpenSSH\;C:\Program Files\Docker\Docker\resources\bin;C:\xampp\php;C:\ProgramData\ComposerSetup\bin;C:\Program Files\Git;C:\Program Files\NVIDIA Corporation\NVIDIA App\NvDLISR;C:\Program Files (x86)\NVIDIA Corporation\PhysX\Common;C:\Program Files\ngrok;C:\Users\pacif\OneDrive\Documents\ngrok-v3-stable-windows-amd64;C:\Program Files\cursor\resources\app\bin;C:\apache-maven-4.0.0-rc-5\bin;C:\Users\pacif\Downloads\apache-maven-4.0.0-rc-5-bin\apache-maven-4.0.0-rc-5\bin;C:\Program Files\CMake\bin;C:\Program Files\CMake\bin;C:\Users\pacif\scoop\apps\git\2.51.2\mingw64\bin;C:\Users\pacif\Downloads\mongosh-2.6.0-win32-x64\mongosh-2.6.0-win32-x64\bin;C:\Users\pacif\Downloads\mongosh-2.6.0-win32-x64\mongosh-2.6.0-win32-x64\bin;C:\ProgramData\chocolatey\bin;C:\Program Files\nodejs\;C:\Users\pacif\AppData\Local\Android\Sdk;C:\Users\pacif\AppData\Local\Android\Sdk\platform-tools;C:\Program Files\PowerShell\7\;C:\Program Files\Go\bin;C:\Users\pacif\AppData\Local\Programs\Python\Launcher\;C:\Users\pacif\scoop\shims;C:\Users\pacif\AppData\Local\Microsoft\WindowsApps;C:\Users\pacif\AppData\Local\Programs\Microsoft VS Code\bin;C:\Users\pacif\AppData\Roaming\Composer\vendor\bin;C:\Program Files\Git;C:\Program Files\ngrok;C:\Users\pacif\AppData\Local\Programs\oh-my-posh\bin;C:\Users\pacif\AppData\Local\Programs\oh-my-posh\themes;C:\msys64\ucrt64\bin;C:\Users\pacif\Downloads\mongosh-2.6.0-win32-x64\mongosh-2.6.0-win32-x64\bin;C:\Users\pacif\Downloads\mongosh-2.6.0-win32-x64\mongosh-2.6.0-win32-x64\bin;C:\Users\pacif\AppData\Roaming\npm;C:\Users\pacif\AppData\Local\Programs\cursor\resources\app\bin;C:\Users\pacif\AppData\Local\GitHubDesktop\bin;C:\Users\pacif\AppData\Local\Programs\Antigravity\bin;C:\Users\pacif\go\bin
USERNAME=pacif
OS=Windows_NT
PROCESSOR_IDENTIFIER=Intel64 Family 6 Model 158 Stepping 9, GenuineIntel
TMP=C:\Users\pacif\AppData\Local\Temp
TEMP=C:\Users\pacif\AppData\Local\Temp



Periodic native trim disabled


---------------  S Y S T E M  ---------------

OS:
 Windows 10 , 64 bit Build 19041 (10.0.19041.5915)
OS uptime: 0 days 2:35 hours
Hyper-V role detected

CPU: total 8 (initial active 8) (4 cores per cpu, 2 threads per core) family 6 model 158 stepping 9 microcode 0xea, cx8, cmov, fxsr, ht, mmx, 3dnowpref, sse, sse2, sse3, ssse3, sse4.1, sse4.2, popcnt, lzcnt, tsc, tscinvbit, avx, avx2, aes, erms, clmul, bmi1, bmi2, adx, fma, vzeroupper, clflush, clflushopt, hv
Processor Information for all 8 processors :
  Max Mhz: 2801, Current Mhz: 2801, Mhz Limit: 2801

Memory: 4k page, system-wide physical 16235M (1910M free)
TotalPageFile size 16235M (AvailPageFile size 231M)
current process WorkingSet (physical memory assigned to process): 10M, peak: 10M
current process commit charge ("private bytes"): 60M, peak: 314M

vm_info: OpenJDK 64-Bit Server VM (17.0.17+10) for windows-amd64 JRE (17.0.17+10), built on Oct 21 2025 23:25:32 by "admin" with unknown MS VC++:1942

END.
